0 info it worked if it ends with ok
1 verbose cli [ '/usr/bin/node', '/usr/bin/npm', 'install', '--global', 'yarn' ]
2 info using npm@3.5.2
3 info using node@v8.10.0
4 silly loadCurrentTree Starting
5 silly install loadCurrentTree
6 silly install readGlobalPackageData
7 silly fetchPackageMetaData yarn
8 silly fetchNamedPackageData yarn
9 silly mapToRegistry name yarn
10 silly mapToRegistry using default registry
11 silly mapToRegistry registry https://registry.npmjs.org/
12 silly mapToRegistry uri https://registry.npmjs.org/yarn
13 verbose request uri https://registry.npmjs.org/yarn
14 verbose request no auth needed
15 info attempt registry request try #1 at 10:00:01 PM
16 verbose request id 8058916795d20d8c
17 http request GET https://registry.npmjs.org/yarn
18 http 200 https://registry.npmjs.org/yarn
19 verbose headers { date: 'Sun, 28 Feb 2021 16:30:01 GMT',
19 verbose headers   'content-type': 'application/json',
19 verbose headers   'transfer-encoding': 'chunked',
19 verbose headers   connection: 'keep-alive',
19 verbose headers   'set-cookie':
19 verbose headers    [ '__cfduid=dc3d9cdc625570a40445439c01e04364d1614529800; expires=Tue, 30-Mar-21 16:30:00 GMT; path=/; domain=.npmjs.org; HttpOnly; SameSite=Lax' ],
19 verbose headers   'cf-ray': '628b871408de41d0-MRS',
19 verbose headers   'cache-control': 'public, max-age=300',
19 verbose headers   etag: 'W/"686174c4e7efe148b4fa53910e7030e8"',
19 verbose headers   'last-modified': 'Mon, 28 Sep 2020 13:34:13 GMT',
19 verbose headers   vary: 'accept-encoding, accept',
19 verbose headers   'cf-cache-status': 'EXPIRED',
19 verbose headers   'cf-request-id': '088b12c088000041d0e2810000000001',
19 verbose headers   'expect-ct': 'max-age=604800, report-uri="https://report-uri.cloudflare.com/cdn-cgi/beacon/expect-ct"',
19 verbose headers   server: 'cloudflare',
19 verbose headers   'content-encoding': 'gzip' }
20 silly get cb [ 200,
20 silly get   { date: 'Sun, 28 Feb 2021 16:30:01 GMT',
20 silly get     'content-type': 'application/json',
20 silly get     'transfer-encoding': 'chunked',
20 silly get     connection: 'keep-alive',
20 silly get     'set-cookie':
20 silly get      [ '__cfduid=dc3d9cdc625570a40445439c01e04364d1614529800; expires=Tue, 30-Mar-21 16:30:00 GMT; path=/; domain=.npmjs.org; HttpOnly; SameSite=Lax' ],
20 silly get     'cf-ray': '628b871408de41d0-MRS',
20 silly get     'cache-control': 'public, max-age=300',
20 silly get     etag: 'W/"686174c4e7efe148b4fa53910e7030e8"',
20 silly get     'last-modified': 'Mon, 28 Sep 2020 13:34:13 GMT',
20 silly get     vary: 'accept-encoding, accept',
20 silly get     'cf-cache-status': 'EXPIRED',
20 silly get     'cf-request-id': '088b12c088000041d0e2810000000001',
20 silly get     'expect-ct': 'max-age=604800, report-uri="https://report-uri.cloudflare.com/cdn-cgi/beacon/expect-ct"',
20 silly get     server: 'cloudflare',
20 silly get     'content-encoding': 'gzip' } ]
21 verbose get saving yarn to /home/layan/.npm/registry.npmjs.org/yarn/.cache.json
22 verbose makeDirectory /home/layan/.npm creation not in flight; initializing
23 silly makeDirectory /home/layan/.npm uid: 1000 gid: 1000
24 silly install normalizeTree
25 silly loadCurrentTree Finishing
26 silly loadIdealTree Starting
27 silly install loadIdealTree
28 silly cloneCurrentTree Starting
29 silly install cloneCurrentTreeToIdealTree
30 silly cloneCurrentTree Finishing
31 silly loadShrinkwrap Starting
32 silly install loadShrinkwrap
33 silly loadShrinkwrap Finishing
34 silly loadAllDepsIntoIdealTree Starting
35 silly install loadAllDepsIntoIdealTree
36 silly resolveWithNewModule yarn@1.22.10 checking installable status
37 silly cache add args [ 'yarn', null ]
38 verbose cache add spec yarn
39 silly cache add parsed spec Result {
39 silly cache add   raw: 'yarn',
39 silly cache add   scope: null,
39 silly cache add   name: 'yarn',
39 silly cache add   rawSpec: '',
39 silly cache add   spec: 'latest',
39 silly cache add   type: 'tag' }
40 silly addNamed yarn@latest
41 verbose addNamed "latest" is being treated as a dist-tag for yarn
42 info addNameTag [ 'yarn', 'latest' ]
43 silly mapToRegistry name yarn
44 silly mapToRegistry using default registry
45 silly mapToRegistry registry https://registry.npmjs.org/
46 silly mapToRegistry uri https://registry.npmjs.org/yarn
47 verbose addNameTag registry:https://registry.npmjs.org/yarn not in flight; fetching
48 verbose get https://registry.npmjs.org/yarn not expired, no request
49 silly addNameTag next cb for yarn with tag latest
50 silly addNamed yarn@1.22.10
51 verbose addNamed "1.22.10" is a plain semver version for yarn
52 silly mapToRegistry name yarn
53 silly mapToRegistry using default registry
54 silly mapToRegistry registry https://registry.npmjs.org/
55 silly mapToRegistry uri https://registry.npmjs.org/yarn
56 verbose addRemoteTarball https://registry.npmjs.org/yarn/-/yarn-1.22.10.tgz not in flight; adding
57 verbose addRemoteTarball [ 'https://registry.npmjs.org/yarn/-/yarn-1.22.10.tgz',
57 verbose addRemoteTarball   'c99daa06257c80f8fa2c3f1490724e394c26b18c' ]
58 info retry fetch attempt 1 at 10:00:03 PM
59 info attempt registry request try #1 at 10:00:03 PM
60 http fetch GET https://registry.npmjs.org/yarn/-/yarn-1.22.10.tgz
61 http fetch 200 https://registry.npmjs.org/yarn/-/yarn-1.22.10.tgz
62 silly fetchAndShaCheck shasum c99daa06257c80f8fa2c3f1490724e394c26b18c
63 verbose addTmpTarball /tmp/npm-17123-75e82733/registry.npmjs.org/yarn/-/yarn-1.22.10.tgz not in flight; adding
64 verbose addTmpTarball already have metadata; skipping unpack for yarn@1.22.10
65 silly cache afterAdd yarn@1.22.10
66 verbose afterAdd /home/layan/.npm/yarn/1.22.10/package/package.json not in flight; writing
67 verbose afterAdd /home/layan/.npm/yarn/1.22.10/package/package.json written
68 silly loadAllDepsIntoIdealTree Finishing
69 silly idealTree:prePrune lib
69 silly idealTree:prePrune └── yarn@1.22.10
70 silly loadIdealTree Finishing
71 silly currentTree lib
72 silly idealTree lib
72 silly idealTree └── yarn@1.22.10
73 silly generateActionsToTake Starting
74 silly install generateActionsToTake
75 warn checkPermissions Missing write access to /usr/local/lib
76 silly rollbackFailedOptional Starting
77 silly rollbackFailedOptional Finishing
78 silly runTopLevelLifecycles Starting
79 silly runTopLevelLifecycles Finishing
80 silly install printInstalled
81 verbose stack Error: EACCES: permission denied, access '/usr/local/lib'
82 verbose cwd /mnt/c/Users/layan/Documents/Dev Projects/rsvp
83 error Linux 4.4.0-19041-Microsoft
84 error argv "/usr/bin/node" "/usr/bin/npm" "install" "--global" "yarn"
85 error node v8.10.0
86 error npm  v3.5.2
87 error path /usr/local/lib
88 error code EACCES
89 error errno -13
90 error syscall access
91 error Error: EACCES: permission denied, access '/usr/local/lib'
91 error  { Error: EACCES: permission denied, access '/usr/local/lib'
91 error   errno: -13,
91 error   code: 'EACCES',
91 error   syscall: 'access',
91 error   path: '/usr/local/lib' }
92 error Please try running this command again as root/Administrator.
93 verbose exit [ -13, true ]
